"C:/Users/gbnsi/Documents/DungeonsNDwellingsv4/Content/HUD/PauseMenu.uasset" 0
"C:/Users/gbnsi/Documents/DungeonsNDwellingsv4/Content/HUD/TextPopup.uasset" 1
"C:/Users/gbnsi/Documents/DungeonsNDwellingsv4/Content/Blueprints/MyPlayerController_BP.uasset" 2
"C:/Users/gbnsi/Documents/DungeonsNDwellingsv4/Content/HUD/LoadingScreenWidget.uasset" 3
"C:/Users/gbnsi/Documents/DungeonsNDwellingsv4/Content/HUD/PlayerHUD.uasset" 4
"C:/Users/gbnsi/Documents/DungeonsNDwellingsv4/Content/Blueprints/MyDungeonsNDwellingsv4GM_BP.uasset" 5
"C:/Users/gbnsi/Documents/DungeonsNDwellingsv4/Content/Geometry/Meshes/CubeMaterial.uasset" 6
"C:/Users/gbnsi/Documents/DungeonsNDwellingsv4/Content/Geometry/Meshes/1M_Cube_Chamfer.uasset" 7
"C:/Users/gbnsi/Documents/DungeonsNDwellingsv4/Content/Geometry/Meshes/TemplateFloor.uasset" 8
"C:/Users/gbnsi/Documents/DungeonsNDwellingsv4/Content/Materials/BackgroundMaterial.uasset" 9
"C:/Users/gbnsi/Documents/DungeonsNDwellingsv4/Content/TwinStick/Audio/TwinStickFire.uasset" 10
"../../../Engine/Content/Functions/Engine_MaterialFunctions01/Texturing/ComputeMipLevel.uasset" 11
"../../../Engine/Content/Functions/Engine_MaterialFunctions02/Math/AddComponents.uasset" 12
"../../../Engine/Content/Functions/Engine_MaterialFunctions02/Math/MakeVectorsOrthogonal.uasset" 13
"../../../Engine/Content/Functions/Engine_MaterialFunctions02/Math/TimeWithSpeedVariable.uasset" 14
"../../../Engine/Content/Functions/Engine_MaterialFunctions02/Utility/BreakOutFloat3Components.uasset" 15
"../../../Engine/Content/Functions/Engine_MaterialFunctions02/Math/Transform3x3Matrix.uasset" 16
"../../../Engine/Content/Functions/Engine_MaterialFunctions02/Utility/BlendAngleCorrectedNormals.uasset" 17
"../../../Engine/Content/Functions/Engine_MaterialFunctions02/Utility/LinearSine.uasset" 18
"../../../Engine/Content/EngineMaterials/DefaultDiffuse.uasset" 19
"../../../Engine/Content/EngineMaterials/DefaultNormal.uasset" 20
"../../../Engine/Content/Functions/Engine_MaterialFunctions02/ExampleContent/Textures/LowResBlurredNoise.uasset" 21
"../../../Engine/Content/Functions/Engine_MaterialFunctions02/Texturing/Flowmaps.uasset" 22
"../../../Engine/Content/Functions/Engine_MaterialFunctions02/ExampleContent/Textures/SwirlMap.uasset" 23
"../../../Engine/Content/Functions/Engine_MaterialFunctions02/ExampleContent/Textures/water_d.uasset" 24
"../../../Engine/Content/Functions/Engine_MaterialFunctions02/ExampleContent/Textures/water_n.uasset" 25
"../../../Engine/Content/Functions/Engine_MaterialFunctions02/ExampleContent/FlowMaps.uasset" 26
"C:/Users/gbnsi/Documents/DungeonsNDwellingsv4/Content/TwinStick/Meshes/Cone.uasset" 27
"C:/Users/gbnsi/Documents/DungeonsNDwellingsv4/Content/TwinStick/Meshes/BaseMaterial.uasset" 28
"C:/Users/gbnsi/Documents/DungeonsNDwellingsv4/Content/TwinStick/Meshes/BlueMaterial.uasset" 29
"C:/Users/gbnsi/Documents/DungeonsNDwellingsv4/Content/TwinStick/Meshes/Cube.uasset" 30
"C:/Users/gbnsi/Documents/DungeonsNDwellingsv4/Content/TwinStick/Meshes/OrangeMaterial.uasset" 31
"C:/Users/gbnsi/Documents/DungeonsNDwellingsv4/Content/TwinStick/Meshes/Cuboid.uasset" 32
"C:/Users/gbnsi/Documents/DungeonsNDwellingsv4/Content/TwinStick/Meshes/PinkMaterial.uasset" 33
"C:/Users/gbnsi/Documents/DungeonsNDwellingsv4/Content/TwinStick/Meshes/Cylinder.uasset" 34
"C:/Users/gbnsi/Documents/DungeonsNDwellingsv4/Content/TwinStick/Meshes/GreenMaterial.uasset" 35
"C:/Users/gbnsi/Documents/DungeonsNDwellingsv4/Content/TwinStick/Meshes/EnemyProjectile.uasset" 36
"C:/Users/gbnsi/Documents/DungeonsNDwellingsv4/Content/TwinStick/Meshes/RedMaterial.uasset" 37
"C:/Users/gbnsi/Documents/DungeonsNDwellingsv4/Content/TwinStick/Meshes/ProjectileBoss.uasset" 38
"../../../Engine/Content/EngineMaterials/BaseFlattenDiffuseMap.uasset" 39
"../../../Engine/Content/EngineMaterials/BaseFlattenEmissiveMap.uasset" 40
"../../../Engine/Content/EngineMaterials/BaseFlattenGrayscaleMap.uasset" 41
"../../../Engine/Content/EngineMaterials/BaseFlattenNormalMap.uasset" 42
"../../../Engine/Content/EngineMaterials/NewBaseFlattenMaterial.uasset" 43
"C:/Users/gbnsi/Documents/DungeonsNDwellingsv4/Content/TwinStick/Meshes/ReflectiveBlackMat.uasset" 44
"C:/Users/gbnsi/Documents/DungeonsNDwellingsv4/Content/TwinStick/Meshes/TwinStickProjectile.uasset" 45
"C:/Users/gbnsi/Documents/DungeonsNDwellingsv4/Content/TwinStick/Meshes/TwinStickUFO.uasset" 46
"C:/Users/gbnsi/Documents/DungeonsNDwellingsv4/Content/TwinStick/Meshes/YellowMaterial.uasset" 47
"../../../Engine/Content/Functions/Engine_MaterialFunctions01/Opacity/CameraDepthFade.uasset" 48
"../../../Engine/Content/EngineMaterials/T_Default_Material_Grid_M.uasset" 49
"../../../Engine/Content/EngineMaterials/T_Default_Material_Grid_N.uasset" 50
"../../../Engine/Content/EngineMaterials/WorldGridMaterial.uasset" 51
"../../../Engine/Content/ArtTools/RenderToTexture/Meshes/S_1_Unit_Plane.uasset" 52
"../../../Engine/Content/EngineMaterials/DefaultMaterial.uasset" 53
"../../../Engine/Content/BasicShapes/Cylinder.uasset" 54
"../../../Engine/Content/BasicShapes/Plane.uasset" 55
"../../../Engine/Content/BasicShapes/Sphere.uasset" 56
"../../../Engine/Content/EditorLandscapeResources/DataLayer.uasset" 57
"../../../Engine/Content/EditorMaterials/GizmoMaterial.uasset" 58
"../../../Engine/Content/EditorMaterials/MAT_Groups_Toggle.uasset" 59
"../../../Engine/Content/EditorMaterials/MAT_Groups_Visibility.uasset" 60
"../../../Engine/Content/EditorMaterials/PreviewShadowIndicator.uasset" 61
"../../../Engine/Content/EditorMaterials/PreviewShadowIndicatorMaterial.uasset" 62
"../../../Engine/Content/EditorMaterials/MatineeGroups/MAT_ColorTrack.uasset" 63
"../../../Engine/Content/EditorMaterials/MatineeGroups/MAT_Groups_Anim.uasset" 64
"../../../Engine/Content/EditorMaterials/MatineeGroups/MAT_Groups_AudioMaster.uasset" 65
"../../../Engine/Content/EditorMaterials/MatineeGroups/MAT_Groups_Director.uasset" 66
"../../../Engine/Content/EditorMaterials/MatineeGroups/MAT_Groups_Event.uasset" 67
"../../../Engine/Content/EditorMaterials/MatineeGroups/MAT_Groups_Fade.uasset" 68
"../../../Engine/Content/EditorMaterials/MatineeGroups/MAT_Groups_Float.uasset" 69
"../../../Engine/Content/EditorMaterials/MatineeGroups/MAT_Groups_Move.uasset" 70
"../../../Engine/Content/EditorMaterials/MatineeGroups/MAT_Groups_Slomo.uasset" 71
"../../../Engine/Content/EditorMaterials/MatineeGroups/MAT_Groups_Sound.uasset" 72
"../../../Engine/Content/EditorMaterials/MatineeGroups/MAT_Groups_Vector.uasset" 73
"../../../Engine/Content/EditorMaterials/ParticleSystems/PSysThumbnail_NoImage.uasset" 74
"../../../Engine/Content/EditorMaterials/ParticleSystems/PSysThumbnail_OOD.uasset" 75
"../../../Engine/Content/EditorMaterials/Camera/CineMat.uasset" 76
"../../../Engine/Content/EditorMaterials/Camera/MI_CineMat_Rig.uasset" 77
"../../../Engine/Content/EditorMeshes/Camera/SM_CraneRig_Arm.uasset" 78
"../../../Engine/Content/EditorMeshes/Camera/SM_CraneRig_Base.uasset" 79
"../../../Engine/Content/EditorMeshes/Camera/SM_CraneRig_Body.uasset" 80
"../../../Engine/Content/EditorMeshes/Camera/SM_CraneRig_Mount.uasset" 81
"../../../Engine/Content/EditorMeshes/Camera/SM_RailRig_Mount.uasset" 82
"../../../Engine/Content/EditorMeshes/Camera/SM_RailRig_Track.uasset" 83
"../../../Engine/Content/EditorResources/BSPVertex.uasset" 84
"../../../Engine/Content/EditorResources/EmptyActor.uasset" 85
"../../../Engine/Content/EditorResources/S_Actor.uasset" 86
"../../../Engine/Content/EditorResources/S_Trigger.uasset" 87
"../../../Engine/Content/EditorResources/LightIcons/S_LightError.uasset" 88
"../../../Engine/Content/EditorResources/SequenceRecorder/Countdown.uasset" 89
"../../../Engine/Content/EditorResources/SequenceRecorder/RecordingIndicator.uasset" 90
"../../../Engine/Content/EditorSounds/Notifications/CompileFailed.uasset" 91
"../../../Engine/Content/EditorSounds/Notifications/CompileFailed_Cue.uasset" 92
"../../../Engine/Content/EditorSounds/Notifications/CompileSuccess.uasset" 93
"../../../Engine/Content/EditorSounds/Notifications/CompileStart_Cue.uasset" 94
"../../../Engine/Content/EditorSounds/Notifications/CompileSuccess_Cue.uasset" 95
"../../../Engine/Content/EngineDamageTypes/DmgTypeBP_Environmental.uasset" 96
"../../../Engine/Content/EngineDebugMaterials/HeatmapGradient.uasset" 97
"../../../Engine/Content/EngineDebugMaterials/BoneWeightMaterial.uasset" 98
"../../../Engine/Content/EngineDebugMaterials/ClothMaterial.uasset" 99
"../../../Engine/Content/EngineDebugMaterials/ClothMaterial_WF.uasset" 100
"../../../Engine/Content/EngineDebugMaterials/DebugEditorMaterial.uasset" 101
"../../../Engine/Content/EngineDebugMaterials/DebugMeshMaterial.uasset" 102
"../../../Engine/Content/EngineDebugMaterials/GeomMaterial.uasset" 103
"../../../Engine/Content/EngineDebugMaterials/M_SimpleTranslucent.uasset" 104
"../../../Engine/Content/EngineFonts/Faces/RobotoBold.uasset" 105
"../../../Engine/Content/EngineFonts/Faces/RobotoBoldItalic.uasset" 106
"../../../Engine/Content/EngineFonts/Faces/RobotoItalic.uasset" 107
"../../../Engine/Content/EngineFonts/Faces/RobotoLight.uasset" 108
"../../../Engine/Content/EngineFonts/Faces/RobotoRegular.uasset" 109
"../../../Engine/Content/EngineFonts/Roboto.uasset" 110
"../../../Engine/Content/EngineFonts/Faces/RobotoTiny.uasset" 111
"../../../Engine/Content/EngineFonts/RobotoTiny.uasset" 112
"../../../Engine/Content/EngineMaterials/BaseFlattenMaterial.uasset" 113
"../../../Engine/Content/EngineMaterials/DefaultBloomKernel.uasset" 114
"../../../Engine/Content/EngineMaterials/DefaultBokeh.uasset" 115
"../../../Engine/Content/EngineMaterials/DefaultDeferredDecalMaterial.uasset" 116
"../../../Engine/Content/EngineMaterials/DefaultLightFunctionMaterial.uasset" 117
"../../../Engine/Content/EngineMaterials/DefaultPhysicalMaterial.uasset" 118
"../../../Engine/Content/Functions/Engine_MaterialFunctions02/Utility/BreakOutFloat2Components.uasset" 119
"../../../Engine/Content/EngineMaterials/DefaultPostProcessMaterial.uasset" 120
"../../../Engine/Content/EngineFonts/RobotoDistanceField.uasset" 121
"../../../Engine/Content/EngineMaterials/DefaultTextMaterialOpaque.uasset" 122
"../../../Engine/Content/EngineMaterials/DefaultWhiteGrid.uasset" 123
"../../../Engine/Content/EngineMaterials/EditorBrushMaterial.uasset" 124
"../../../Engine/Content/EngineMaterials/Good64x64TilingNoiseHighFreq.uasset" 125
"../../../Engine/Content/EngineMaterials/MiniFont.uasset" 126
"../../../Engine/Content/EngineMaterials/InvalidLightmapSettings.uasset" 127
"../../../Engine/Content/EngineMaterials/M_InvalidLightmapSettings.uasset" 128
"../../../Engine/Content/Functions/Engine_MaterialFunctions02/WorldPositionOffset/CameraOffset.uasset" 129
"../../../Engine/Content/EngineMaterials/PhAT_JointLimitMaterial.uasset" 130
"../../../Engine/Content/EngineMaterials/PreintegratedSkinBRDF.uasset" 131
"../../../Engine/Content/EngineMaterials/RemoveSurfaceMaterial.uasset" 132
"../../../Engine/Content/EngineMaterials/WeightMapPlaceholderTexture.uasset" 133
"../../../Engine/Content/EngineResources/WhiteSquareTexture.uasset" 134
"../../../Engine/Content/EngineMaterials/Widget3DPassThrough.uasset" 135
"../../../Engine/Content/EngineMaterials/Widget3DPassThrough_Masked.uasset" 136
"../../../Engine/Content/EngineMaterials/Widget3DPassThrough_Opaque.uasset" 137
"../../../Engine/Content/EngineMaterials/Widget3DPassThrough_Masked_OneSided.uasset" 138
"../../../Engine/Content/EngineMaterials/Widget3DPassThrough_Opaque_OneSided.uasset" 139
"../../../Engine/Content/EngineMaterials/Widget3DPassThrough_Translucent.uasset" 140
"../../../Engine/Content/EngineMaterials/Widget3DPassThrough_Translucent_OneSided.uasset" 141
"../../../Engine/Content/EngineMeshes/Cylinder.uasset" 142
"../../../Engine/Content/EngineMeshes/Sphere.uasset" 143
"../../../Engine/Content/EngineResources/Black.uasset" 144
"../../../Engine/Content/EngineResources/DefaultTexture.uasset" 145
"../../../Engine/Content/EngineResources/DefaultTextureCube.uasset" 146
"../../../Engine/Content/EngineResources/DefaultVolumeTexture2D.uasset" 147
"../../../Engine/Content/EngineResources/DefaultVolumeTexture.uasset" 148
"../../../Engine/Content/EngineResources/GradientTexture0.uasset" 149
"../../../Engine/Content/EngineSounds/Master.uasset" 150
"../../../Engine/Content/Functions/Engine_MaterialFunctions01/Shading/ConvertFromDiffSpec.uasset" 151
"../../../Engine/Content/Functions/Engine_MaterialFunctions01/Shading/PowerToRoughness.uasset" 152
"../../../Engine/Content/Maps/Templates/Thumbnails/Default.uasset" 153
"../../../Engine/Content/Maps/Templates/Thumbnails/VR-Basic.uasset" 154
"../../../Engine/Content/MobileResources/T_MobileControls_texture.uasset" 155
"../../../Engine/Content/MobileResources/T_MobileMenu2.uasset" 156
"../../../Engine/Content/MobileResources/HUD/AnalogHat.uasset" 157
"../../../Engine/Content/MobileResources/HUD/VirtualJoystick_Background.uasset" 158
"../../../Engine/Content/MobileResources/HUD/VirtualJoystick_Thumb.uasset" 159
"../../../Engine/Content/MobileResources/HUD/DefaultVirtualJoysticks.uasset" 160
"../../../Engine/Content/MobileResources/HUD/LeftVirtualJoystickOnly.uasset" 161
"../../../Engine/Content/MobileResources/HUD/MobileHUDButton1_off.uasset" 162
"../../../Engine/Content/MobileResources/HUD/MobileHUDButton1_on.uasset" 163
"../../../Engine/Content/MobileResources/HUD/MobileHUDButton2_off.uasset" 164
"../../../Engine/Content/MobileResources/HUD/MobileHUDButton2_on.uasset" 165
"../../../Engine/Content/MobileResources/HUD/MobileHUDButton3.uasset" 166
"../../../Engine/Content/MobileResources/HUD/MobileHUDButtonFire.uasset" 167
"../../../Engine/Content/MobileResources/HUD/MobileHUDDirectionPad.uasset" 168
"../../../Engine/Content/MobileResources/HUD/MobileHUDDirectionPad2.uasset" 169
"../../../Engine/Content/MobileResources/HUD/MobileHUDDirectionPad3.uasset" 170
"../../../Engine/Content/MobileResources/HUD/MobileHUDDirectionStick.uasset" 171
"../../../Engine/Content/MobileResources/HUD/T_Castle_ThumbstickInner.uasset" 172
"../../../Engine/Content/MobileResources/HUD/T_Castle_ThumbstickOutter.uasset" 173
"../../../Engine/Content/Tutorial/ContentIntroCurve.uasset" 174
"../../../Engine/Content/Tutorial/Basics/TutorialAssets/icon_tab_Levels_40x.uasset" 175
"../../../Engine/Content/Tutorial/BlueprintTutorials/TutorialAssets/Blueprint_64x.uasset" 176
"../../../Engine/Content/VREditor/LaserPointer/VR_LaserPower_01.uasset" 177
"../../../Engine/Content/VREditor/TransformGizmo/TransformGizmoMaterial.uasset" 178
"../../../Engine/Content/VREditor/TransformGizmo/TranslucentTransformGizmoMaterial.uasset" 179
"../../../Engine/Content/VREditor/TransformGizmo/BoundingBoxCorner.uasset" 180
"../../../Engine/Content/VREditor/TransformGizmo/BoundingBoxEdge.uasset" 181
"../../../Engine/Content/VREditor/TransformGizmo/PlaneTranslationHandle.uasset" 182
"../../../Engine/Content/VREditor/TransformGizmo/Main.uasset" 183
"../../../Engine/Content/VREditor/TransformGizmo/Xray.uasset" 184
"../../../Engine/Content/VREditor/TransformGizmo/SM_Sequencer_Key.uasset" 185
"../../../Engine/Content/VREditor/TransformGizmo/SM_Sequencer_Node.uasset" 186
"../../Plugins/2D/Paper2D/Content/PlaceholderTextures/DummySpriteTexture.uasset" 187
"../../Plugins/2D/Paper2D/Content/DummySprite.uasset" 188
"../../Plugins/2D/Paper2D/Content/DefaultPaperTerrainMaterial.uasset" 189
"../../Plugins/2D/Paper2D/Content/DefaultSpriteMaterial.uasset" 190
"../../Plugins/2D/Paper2D/Content/MaskedUnlitSpriteMaterial.uasset" 191
"../../Plugins/2D/Paper2D/Content/OpaqueUnlitSpriteMaterial.uasset" 192
"../../Plugins/Runtime/Oculus/OculusVR/Content/Materials/PokeAHoleMaterial.uasset" 193
"../../Plugins/Runtime/Oculus/OculusVR/Content/Textures/GearVRController_AO.uasset" 194
"../../Plugins/Runtime/Oculus/OculusVR/Content/Textures/GearVRController_Color.uasset" 195
"../../Plugins/Runtime/Oculus/OculusVR/Content/Textures/GearVRController_Normal.uasset" 196
"../../Plugins/Runtime/Oculus/OculusVR/Content/Materials/GearVRControllerMaterial.uasset" 197
"../../Plugins/Runtime/Oculus/OculusVR/Content/Meshes/GearVrController.uasset" 198
"../../Plugins/Runtime/Oculus/OculusVR/Content/Textures/touchController_albedo.uasset" 199
"../../Plugins/Runtime/Oculus/OculusVR/Content/Textures/touchController_controlmap.uasset" 200
"../../Plugins/Runtime/Oculus/OculusVR/Content/Materials/touchController_mat.uasset" 201
"../../Plugins/Runtime/Oculus/OculusVR/Content/Meshes/LeftTouchController.uasset" 202
"../../Plugins/Runtime/Oculus/OculusVR/Content/Meshes/RiftHMD.uasset" 203
"../../Plugins/Runtime/Oculus/OculusVR/Content/Meshes/RightTouchController.uasset" 204
"../../../Engine/Content/EditorBlueprintResources/StandardMacros.uasset" 205
"../../../Engine/Content/EngineSky/C_Sky_Cloud_Color.uasset" 206
"../../../Engine/Content/EngineSky/C_Sky_Horizon_Color.uasset" 207
"../../../Engine/Content/EngineSky/C_Sky_Zenith_Color.uasset" 208
"../../../Engine/Content/EngineSky/T_Sky_Blue.uasset" 209
"../../../Engine/Content/EngineSky/T_Sky_Clouds_M.uasset" 210
"../../../Engine/Content/EngineSky/T_Sky_Stars.uasset" 211
"../../../Engine/Content/EngineSky/M_Sky_Panning_Clouds2.uasset" 212
"../../../Engine/Content/EngineSky/SM_SkySphere.uasset" 213
"../../../Engine/Content/EngineSky/BP_Sky_Sphere.uasset" 214
"C:/Users/gbnsi/Documents/DungeonsNDwellingsv4/Content/Geometry/Meshes/1M_Cube.uasset" 215
"C:/Users/gbnsi/Documents/DungeonsNDwellingsv4/Content/Materials/Floors/FloorBase.uasset" 216
"C:/Users/gbnsi/Documents/DungeonsNDwellingsv4/Content/Meshes/Floor.uasset" 217
"C:/Users/gbnsi/Documents/DungeonsNDwellingsv4/Content/Materials/Walls/Wall_Cap.uasset" 218
"C:/Users/gbnsi/Documents/DungeonsNDwellingsv4/Content/Meshes/Wall_Pillar.uasset" 219
"C:/Users/gbnsi/Documents/DungeonsNDwellingsv4/Content/Blueprints/Actors/TileGenerator.uasset" 220
"C:/Users/gbnsi/Documents/DungeonsNDwellingsv4/Content/TwinStickCPP/Maps/DwellingsMap-1_BuiltData.uasset" 221
"C:/Users/gbnsi/Documents/DungeonsNDwellingsv4/Content/TwinStickCPP/Maps/DwellingsMap-1.umap" 222
"C:/Users/gbnsi/Documents/DungeonsNDwellingsv4/Content/TwinStickCPP/Maps/DwellingsMap-2_BuiltData.uasset" 223
"C:/Users/gbnsi/Documents/DungeonsNDwellingsv4/Content/TwinStickCPP/Maps/DwellingsMap-2.umap" 224
"C:/Users/gbnsi/Documents/DungeonsNDwellingsv4/Content/TwinStickCPP/Maps/DwellingsMap-3_BuiltData.uasset" 225
"C:/Users/gbnsi/Documents/DungeonsNDwellingsv4/Content/TwinStickCPP/Maps/DwellingsMap-3.umap" 226
"C:/Users/gbnsi/Documents/DungeonsNDwellingsv4/Content/TwinStickCPP/Maps/DwellingsMap-4_BuiltData.uasset" 227
"C:/Users/gbnsi/Documents/DungeonsNDwellingsv4/Content/TwinStickCPP/Maps/DwellingsMap-4.umap" 228
"C:/Users/gbnsi/Documents/DungeonsNDwellingsv4/Content/TwinStickCPP/Maps/DwellingsMap-5_BuiltData.uasset" 229
"C:/Users/gbnsi/Documents/DungeonsNDwellingsv4/Content/TwinStickCPP/Maps/DwellingsMap-5.umap" 230
"C:/Users/gbnsi/Documents/DungeonsNDwellingsv4/Content/MenuLevelWidgets/GameOverMenu.uasset" 231
"C:/Users/gbnsi/Documents/DungeonsNDwellingsv4/Content/TwinStickCPP/Maps/GameOver.umap" 232
"C:/Users/gbnsi/Documents/DungeonsNDwellingsv4/Content/TwinStickCPP/Maps/MainMenu_BuiltData.uasset" 233
"C:/Users/gbnsi/Documents/DungeonsNDwellingsv4/Content/MenuLevelWidgets/MainMenu.uasset" 234
"C:/Users/gbnsi/Documents/DungeonsNDwellingsv4/Content/TwinStickCPP/Maps/MainMenu.umap" 235
"C:/Users/gbnsi/Documents/DungeonsNDwellingsv4/Content/MenuLevelWidgets/WinMenu.uasset" 236
"C:/Users/gbnsi/Documents/DungeonsNDwellingsv4/Content/TwinStickCPP/Maps/WinGame.umap" 237
"../../../Engine/Content/Maps/Entry_BuiltData.uasset" 238
"../../../Engine/Content/Maps/Entry.umap" 239
